⚡ Starte NeoTV+ All-in-One Build...
☕ Nutze JAVA_HOME: /usr/local/Cellar/openjdk@17/17.0.19/libexec/openjdk.jdk/Contents/Home
🏷️  Erkannte Version: 2.0.3_genericandroidtvdevice
🏗️  Starte Gradle-Build (clean assemble bundle)...
> Task :app:clean
> Task :app:buildKotlinToolingMetadata
> Task :app:checkKotlinGradlePluginConfigurationErrors
> Task :app:preBuild UP-TO-DATE
> Task :app:preReleaseBuild UP-TO-DATE
> Task :app:dataBindingMergeDependencyArtifactsRelease
> Task :app:generateReleaseResValues
> Task :app:generateReleaseResources
> Task :app:packageReleaseResources
> Task :app:parseReleaseLocalResources
> Task :app:checkReleaseAarMetadata
> Task :app:mapReleaseSourceSetPaths
> Task :app:createReleaseCompatibleScreenManifests
> Task :app:extractDeepLinksRelease
> Task :app:processReleaseMainManifest
> Task :app:processReleaseManifest
> Task :app:javaPreCompileRelease
> Task :app:extractProguardFiles
> Task :app:mergeReleaseJniLibFolders
> Task :app:mergeReleaseNativeLibs NO-SOURCE
> Task :app:stripReleaseDebugSymbols NO-SOURCE
> Task :app:extractReleaseNativeSymbolTables NO-SOURCE
> Task :app:mergeReleaseNativeDebugMetadata NO-SOURCE
> Task :app:checkReleaseDuplicateClasses
> Task :app:desugarReleaseFileDependencies
> Task :app:mergeReleaseStartupProfile UP-TO-DATE
> Task :app:mergeReleaseArtProfile
> Task :app:mergeReleaseShaders
> Task :app:compileReleaseShaders NO-SOURCE
> Task :app:generateReleaseAssets UP-TO-DATE
> Task :app:mergeReleaseAssets
> Task :app:extractReleaseVersionControlInfo
> Task :app:compressReleaseAssets
> Task :app:mergeReleaseResources
> Task :app:collectReleaseDependencies
> Task :app:dataBindingGenBaseClassesRelease
> Task :app:sdkReleaseDependencyData
> Task :app:writeReleaseAppMetadata
> Task :app:writeReleaseSigningConfigVersions
> Task :app:processApplicationManifestReleaseForBundle
> Task :app:configureReleaseDependencies
> Task :app:parseReleaseIntegrityConfig UP-TO-DATE
> Task :app:preDebugBuild UP-TO-DATE
> Task :app:mergeDebugNativeDebugMetadata NO-SOURCE
> Task :app:dataBindingMergeDependencyArtifactsDebug
> Task :app:processReleaseManifestForPackage
> Task :app:generateDebugResValues
> Task :app:generateDebugResources
> Task :app:packageDebugResources
> Task :app:checkDebugAarMetadata
> Task :app:mapDebugSourceSetPaths
> Task :app:parseDebugLocalResources
> Task :app:createDebugCompatibleScreenManifests
> Task :app:extractDeepLinksDebug
> Task :app:mergeDebugResources
> Task :app:processDebugMainManifest
> Task :app:dataBindingGenBaseClassesDebug
> Task :app:processDebugManifest
> Task :app:javaPreCompileDebug
> Task :app:processDebugManifestForPackage
> Task :app:mergeDebugShaders
> Task :app:compileDebugShaders NO-SOURCE
> Task :app:generateDebugAssets UP-TO-DATE
> Task :app:mergeDebugAssets
> Task :app:compressDebugAssets
> Task :app:desugarDebugFileDependencies
> Task :app:mergeDebugStartupProfile UP-TO-DATE
> Task :app:mergeDebugJniLibFolders
> Task :app:checkDebugDuplicateClasses
> Task :app:mergeDebugNativeLibs NO-SOURCE
> Task :app:processReleaseResources
> Task :app:stripDebugDebugSymbols NO-SOURCE
> Task :app:validateSigningDebug
> Task :app:writeDebugAppMetadata
> Task :app:writeDebugSigningConfigVersions
> Task :app:mergeLibDexDebug
> Task :app:processApplicationManifestDebugForBundle
> Task :app:parseDebugIntegrityConfig UP-TO-DATE
> Task :app:optimizeReleaseResources
> Task :app:mergeExtDexRelease
> Task :app:processDebugResources
> Task :app:bundleReleaseResources
> Task :app:bundleDebugResources
> Task :app:mergeExtDexDebug
> Task :app:compileReleaseKotlin
> Task :app:compileReleaseJavaWithJavac
> Task :app:generateReleaseLintVitalReportModel
> Task :app:dexBuilderRelease
> Task :app:mergeReleaseGlobalSynthetics
> Task :app:processReleaseJavaRes
> Task :app:compileDebugKotlin
> Task :app:mergeReleaseJavaResource
> Task :app:compileDebugJavaWithJavac
> Task :app:dexBuilderDebug
> Task :app:mergeDebugGlobalSynthetics
> Task :app:processDebugJavaRes
> Task :app:mergeProjectDexDebug
> Task :app:mergeDebugJavaResource
> Task :app:buildDebugPreBundle
> Task :app:packageDebugBundle
> Task :app:packageDebug
> Task :app:createDebugApkListingFileRedirect
> Task :app:assembleDebug
> Task :app:mergeDexRelease
> Task :app:buildReleasePreBundle
> Task :app:compileReleaseArtProfile
> Task :app:packageReleaseBundle
> Task :app:signDebugBundle
> Task :app:produceDebugBundleIdeListingFile
> Task :app:createDebugBundleListingFileRedirect
> Task :app:bundleDebug
> Task :app:packageRelease
> Task :app:createReleaseApkListingFileRedirect
> Task :app:signReleaseBundle
> Task :app:produceReleaseBundleIdeListingFile
> Task :app:createReleaseBundleListingFileRedirect
> Task :app:bundleRelease
> Task :app:lintVitalAnalyzeRelease
> Task :app:lintVitalReportRelease
> Task :app:lintVitalRelease
> Task :app:assembleRelease

[Incubating] Problems report is available at: file:///Users/jonakorves/AndroidStudioProjects/NeoTV+/build/reports/problems/problems-report.html

Deprecated Gradle features were used in this build, making it incompatible with Gradle 10.

You can use '--warning-mode all' to show the individual deprecation warnings and determine if they come from your own scripts or plugins.

For more on this, please refer to https://docs.gradle.org/9.4.1/userguide/command_line_interface.html#sec:command_line_warnings in the Gradle documentation.

BUILD SUCCESSFUL in 55s
103 actionable tasks: 99 executed, 4 up-to-date
📦 Archiviere neue Version 2.0.3_genericandroidtvdevice...
✅ Archivierung abgeschlossen!
🗂️ Bereite Git-Commit vor...
📤 Pushe Projekt und Builds auf GitHub...
[main 287bc6b] Build: 2.0.3_genericandroidtvdevice (2026-07-14 13:01)
 8 files changed, 188 insertions(+), 3 deletions(-)
 create mode 100644 logs/build_20260714_130025.log
 create mode 100644 logs/huggingface_20260714_125542.log
To https://github.com/fxtv-os/neotv-atv.git
   040e252..287bc6b  main -> main
🎉 Erfolgreich auf GitHub aktualisiert!
ℹ️ Tag v2.0.3_genericandroidtvdevice existiert bereits, überspringe Tag-Erstellung.
📝 Erstelle Release-Übersicht...
🤖 HF_TOKEN gefunden – erstelle KI-Übersicht über Hugging Face...
📄 Hugging-Face-Log gespeichert: ./logs/huggingface_20260714_130025.log
✅ KI-Übersicht (Hugging Face) erstellt.
🚀 Erstelle GitHub Release v2.0.3_genericandroidtvdevice...
❌ Release konnte nicht erstellt werden. Antwort von GitHub:
{
  "message": "Validation Failed",
  "errors": [
    {
      "resource": "Release",
      "code": "already_exists",
      "field": "tag_name"
    }
  ],
  "documentation_url": "https://docs.github.com/rest/releases/releases#create-a-release",
  "status": "422"
}
