⚡ Starte NeoTV+ All-in-One Build...
☕ Nutze JAVA_HOME: /usr/local/Cellar/openjdk@17/17.0.19/libexec/openjdk.jdk/Contents/Home
🏷️  Erkannte Version: 2.2.1_genericandroidtvdevice
🏗️  Starte Gradle-Build (clean assemble bundle)...
> Task :app:clean
> Task :app:buildKotlinToolingMetadata
> Task :app:checkKotlinGradlePluginConfigurationErrors
> Task :app:preBuild UP-TO-DATE
> Task :app:preReleaseBuild UP-TO-DATE
> Task :app:generateReleaseResValues
> Task :app:dataBindingMergeDependencyArtifactsRelease
> Task :app:generateReleaseResources
> Task :app:packageReleaseResources
> Task :app:mapReleaseSourceSetPaths
> Task :app:checkReleaseAarMetadata
> Task :app:createReleaseCompatibleScreenManifests
> Task :app:extractDeepLinksRelease
> Task :app:parseReleaseLocalResources
> Task :app:processReleaseMainManifest
> Task :app:mergeReleaseResources
> Task :app:processReleaseManifest
> Task :app:dataBindingGenBaseClassesRelease
> Task :app:processReleaseManifestForPackage
> Task :app:javaPreCompileRelease
> Task :app:extractProguardFiles
> Task :app:mergeReleaseJniLibFolders
> Task :app:mergeReleaseNativeLibs NO-SOURCE
> Task :app:stripReleaseDebugSymbols NO-SOURCE
> Task :app:extractReleaseNativeSymbolTables NO-SOURCE
> Task :app:mergeReleaseNativeDebugMetadata NO-SOURCE
> Task :app:checkReleaseDuplicateClasses
> Task :app:desugarReleaseFileDependencies
> Task :app:mergeReleaseStartupProfile UP-TO-DATE
> Task :app:mergeReleaseShaders
> Task :app:mergeReleaseArtProfile
> Task :app:compileReleaseShaders NO-SOURCE
> Task :app:generateReleaseAssets UP-TO-DATE
> Task :app:mergeReleaseAssets
> Task :app:compressReleaseAssets
> Task :app:extractReleaseVersionControlInfo
> Task :app:collectReleaseDependencies
> Task :app:sdkReleaseDependencyData
> Task :app:writeReleaseAppMetadata
> Task :app:writeReleaseSigningConfigVersions
> Task :app:processApplicationManifestReleaseForBundle
> Task :app:configureReleaseDependencies
> Task :app:parseReleaseIntegrityConfig UP-TO-DATE
> Task :app:preDebugBuild UP-TO-DATE
> Task :app:mergeDebugNativeDebugMetadata NO-SOURCE
> Task :app:dataBindingMergeDependencyArtifactsDebug
> Task :app:generateDebugResValues
> Task :app:generateDebugResources
> Task :app:processReleaseResources
> Task :app:mergeDebugResources
> Task :app:packageDebugResources
> Task :app:checkDebugAarMetadata
> Task :app:parseDebugLocalResources
> Task :app:mapDebugSourceSetPaths
> Task :app:dataBindingGenBaseClassesDebug
> Task :app:createDebugCompatibleScreenManifests
> Task :app:extractDeepLinksDebug
> Task :app:processDebugMainManifest
> Task :app:processDebugManifest
> Task :app:javaPreCompileDebug
> Task :app:processDebugManifestForPackage
> Task :app:mergeDebugShaders
> Task :app:compileDebugShaders NO-SOURCE
> Task :app:generateDebugAssets UP-TO-DATE
> Task :app:mergeDebugAssets
> Task :app:compressDebugAssets
> Task :app:desugarDebugFileDependencies
> Task :app:mergeDebugStartupProfile UP-TO-DATE
> Task :app:mergeDebugJniLibFolders
> Task :app:mergeDebugNativeLibs NO-SOURCE
> Task :app:stripDebugDebugSymbols NO-SOURCE
> Task :app:checkDebugDuplicateClasses
> Task :app:validateSigningDebug
> Task :app:writeDebugAppMetadata
> Task :app:writeDebugSigningConfigVersions
> Task :app:mergeLibDexDebug
> Task :app:processApplicationManifestDebugForBundle
> Task :app:parseDebugIntegrityConfig UP-TO-DATE
> Task :app:optimizeReleaseResources
> Task :app:bundleReleaseResources
> Task :app:processDebugResources
> Task :app:bundleDebugResources
> Task :app:mergeExtDexRelease
> Task :app:mergeExtDexDebug
> Task :app:compileDebugKotlin
> Task :app:compileReleaseKotlin
> Task :app:compileReleaseJavaWithJavac
> Task :app:generateReleaseLintVitalReportModel
> Task :app:dexBuilderRelease
> Task :app:mergeReleaseGlobalSynthetics
> Task :app:processReleaseJavaRes
> Task :app:compileDebugJavaWithJavac
> Task :app:dexBuilderDebug
> Task :app:mergeDebugGlobalSynthetics
> Task :app:processDebugJavaRes
> Task :app:mergeReleaseJavaResource
> Task :app:mergeProjectDexDebug
> Task :app:mergeDebugJavaResource
> Task :app:buildDebugPreBundle
> Task :app:packageDebug
> Task :app:createDebugApkListingFileRedirect
> Task :app:assembleDebug
> Task :app:packageDebugBundle
> Task :app:mergeDexRelease
> Task :app:buildReleasePreBundle
> Task :app:compileReleaseArtProfile
> Task :app:packageReleaseBundle
> Task :app:packageRelease
> Task :app:createReleaseApkListingFileRedirect
> Task :app:signDebugBundle
> Task :app:produceDebugBundleIdeListingFile
> Task :app:createDebugBundleListingFileRedirect
> Task :app:bundleDebug
> Task :app:signReleaseBundle
> Task :app:produceReleaseBundleIdeListingFile
> Task :app:createReleaseBundleListingFileRedirect
> Task :app:bundleRelease
> Task :app:lintVitalAnalyzeRelease
> Task :app:lintVitalReportRelease
> Task :app:lintVitalRelease
> Task :app:assembleRelease

[Incubating] Problems report is available at: file:///Users/jonakorves/AndroidStudioProjects/NeoTV+/build/reports/problems/problems-report.html

Deprecated Gradle features were used in this build, making it incompatible with Gradle 10.

You can use '--warning-mode all' to show the individual deprecation warnings and determine if they come from your own scripts or plugins.

For more on this, please refer to https://docs.gradle.org/9.4.1/userguide/command_line_interface.html#sec:command_line_warnings in the Gradle documentation.

BUILD SUCCESSFUL in 1m 23s
103 actionable tasks: 99 executed, 4 up-to-date
📦 Archiviere neue Version 2.2.1_genericandroidtvdevice...
✅ Archivierung abgeschlossen!
🗂️ Bereite Git-Commit vor...
📤 Pushe Projekt und Builds auf GitHub...
[main ece4296] Build: 2.2.1_genericandroidtvdevice (2026-07-15 13:14)
 7 files changed, 176 insertions(+)
 create mode 100644 logs/build_20260715_131238.log
 create mode 100644 logs/huggingface_20260715_130601.log
 create mode 100644 packages/aab/debug/com.neoos.app.tv.androidtv_2.2.1_genericandroidtvdevice_debug.aab
 create mode 100644 packages/aab/release/com.neoos.app.tv.androidtv_2.2.1_genericandroidtvdevice_release.aab
 create mode 100644 packages/apk/debug/com.neoos.app.tv.androidtv_2.2.1_genericandroidtvdevice_debug.apk
 create mode 100644 packages/apk/release/com.neoos.app.tv.androidtv_2.2.1_genericandroidtvdevice_release.apk
To https://github.com/fxtv-os/neotv-atv.git
   60f7d9c..ece4296  main -> main
🎉 Erfolgreich auf GitHub aktualisiert!
To https://github.com/fxtv-os/neotv-atv.git
 * [new tag]         v2.2.1_genericandroidtvdevice -> v2.2.1_genericandroidtvdevice
🏷️  Tag v2.2.1_genericandroidtvdevice erstellt und gepusht.
📝 Erstelle Release-Übersicht...
🤖 HF_TOKEN gefunden – erstelle KI-Übersicht über Hugging Face...
📄 Hugging-Face-Log gespeichert: ./logs/huggingface_20260715_131238.log
✅ KI-Übersicht (Hugging Face) erstellt.
🚀 Erstelle GitHub Release v2.2.1_genericandroidtvdevice...
✅ Release v2.2.1_genericandroidtvdevice erstellt.
📎 Lade com.neoos.app.tv.androidtv_2.2.1_genericandroidtvdevice_release.apk hoch...
📎 Lade com.neoos.app.tv.androidtv_2.2.1_genericandroidtvdevice_release.aab hoch...
📎 Lade com.neoos.app.tv.androidtv_2.2.1_genericandroidtvdevice_debug.apk hoch...
📎 Lade com.neoos.app.tv.androidtv_2.2.1_genericandroidtvdevice_debug.aab hoch...
🎉 Fertig! Release v2.2.1_genericandroidtvdevice inkl. Übersicht und Build-Artefakten ist online.
